<?xml version="1.0" encoding="UTF-8"?>
<testsuite name="Cucumber" time="8.289" tests="7" skipped="0" failures="2" errors="0">
<testcase classname="About Us Button" name="Clicking About Us Should Take Users To Different Page" time="0.713">
<system-out><![CDATA[
Given user is on the TS homepage............................................passed
When the user clicks on the About Us link...................................passed
Then they should be redirected to the about us page.........................passed
]]></system-out>
</testcase>
<testcase classname="Login Test" name="Testing Login" time="0.203">
<failure/>
<system-out><![CDATA[
Given the user is on the login page.........................................passed
When the user enters username and password..................................undefined
And clicks the submit button................................................skipped
Then get the confirmation message and verify it.............................skipped
]]></system-out>
</testcase>
<testcase classname="Login Test" name="Testing Login without Examples" time="0.199">
<failure/>
<system-out><![CDATA[
Given the user is on the login page.........................................passed
When the user enters "admin" and "password".................................undefined
And clicks the submit button................................................skipped
Then get the confirmation text and verify message as "Login Success! Welcome Back, Admin!".skipped
]]></system-out>
</testcase>
<testcase classname="Login Test" name="Testing Login with Example - #1.1" time="0.588">
<system-out><![CDATA[
Given the user is on the login page.........................................passed
When user enters "admin" and "wrongpass"....................................passed
And clicks the submit button................................................passed
Then get the confirmation text and verify message as "Invalid credentials"..passed
]]></system-out>
</testcase>
<testcase classname="Login Test" name="Testing Login with Example - #1.2" time="0.483">
<system-out><![CDATA[
Given the user is on the login page.........................................passed
When user enters "user" and "password"......................................passed
And clicks the submit button................................................passed
Then get the confirmation text and verify message as "Invalid credentials"..passed
]]></system-out>
</testcase>
<testcase classname="Login Test" name="Testing Login with Example - #1.3" time="0.408">
<system-out><![CDATA[
Given the user is on the login page.........................................passed
When user enters "test" and "test123".......................................passed
And clicks the submit button................................................passed
Then get the confirmation text and verify message as "Invalid credentials"..passed
]]></system-out>
</testcase>
<testcase classname="To test input with Datatables" name="Adding items to a to-do list" time="0.497">
<system-out><![CDATA[
Given user is on the To-Do list page........................................passed
When user adds the following tasks..........................................passed
Then they can see the task added to the list................................passed
]]></system-out>
</testcase>
</testsuite>
